<?xml version="1.0" encoding="UTF-8"?>
<testsuites name="jest tests" tests="11" failures="0" errors="0" time="1.459">
  <testsuite name="useAuthUser" errors="0" failures="0" skipped="0" timestamp="2024-02-05T21:21:16" time="0.766" tests="2">
    <testcase classname="useAuthUser redirects to &quot;/&quot; when user is not authenticated" name="useAuthUser redirects to &quot;/&quot; when user is not authenticated" time="0.003">
    </testcase>
    <testcase classname="useAuthUser returns the authenticated user when user is authenticated" name="useAuthUser returns the authenticated user when user is authenticated" time="0.001">
    </testcase>
  </testsuite>
  <testsuite name="balance amount" errors="0" failures="0" skipped="0" timestamp="2024-02-05T21:21:16" time="0.782" tests="1">
    <testcase classname="balance amount should render balance amount component" name="balance amount should render balance amount component" time="0.013">
    </testcase>
  </testsuite>
  <testsuite name="User Values" errors="0" failures="0" skipped="0" timestamp="2024-02-05T21:21:16" time="0.79" tests="1">
    <testcase classname="User Values should render budget form" name="User Values should render budget form" time="0.013">
    </testcase>
  </testsuite>
  <testsuite name="transactions list" errors="0" failures="0" skipped="0" timestamp="2024-02-05T21:21:16" time="0.789" tests="1">
    <testcase classname="transactions list should render TransactionList component" name="transactions list should render TransactionList component" time="0.019">
    </testcase>
  </testsuite>
  <testsuite name="footer" errors="0" failures="0" skipped="0" timestamp="2024-02-05T21:21:16" time="0.816" tests="1">
    <testcase classname="footer should render footer" name="footer should render footer" time="0.05">
    </testcase>
  </testsuite>
  <testsuite name="header" errors="0" failures="0" skipped="0" timestamp="2024-02-05T21:21:16" time="0.845" tests="4">
    <testcase classname="header should render header " name="header should render header " time="0.054">
    </testcase>
    <testcase classname="header should render profile section" name="header should render profile section" time="0.005">
    </testcase>
    <testcase classname="header should render theme selector" name="header should render theme selector" time="0.007">
    </testcase>
    <testcase classname="header should not render navigation if no user id" name="header should not render navigation if no user id" time="0.005">
    </testcase>
  </testsuite>
  <testsuite name="Add transaction" errors="0" failures="0" skipped="0" timestamp="2024-02-05T21:21:16" time="0.893" tests="1">
    <testcase classname="Add transaction should render add transaction component" name="Add transaction should render add transaction component" time="0.014">
    </testcase>
  </testsuite>
</testsuites>